<?xml version="1.0" encoding="UTF-8"?>
<!-- Generated by org.testng.reporters.JUnitXMLReporter -->
<testsuite ignored="0" hostname="DESKTOP-5JS9BGE" failures="1" tests="1" name="Surefire test" time="20.22" errors="0" timestamp="2023-03-16T20:10:38 IST">
  <testcase classname="io.cucumber.testng.AbstractTestNGCucumberTests" name="runScenario" time="14.463">
    <failure type="java.lang.NullPointerException" message="Cannot invoke &amp;quot;org.openqa.selenium.WebDriver.get(String)&amp;quot; because &amp;quot;this.driver&amp;quot; is null">
      <![CDATA[java.lang.NullPointerException: Cannot invoke "org.openqa.selenium.WebDriver.get(String)" because "this.driver" is null
at pages.SalesforceLoginPage.loginToApplication(SalesforceLoginPage.java:33)
at stepDefinitions.CreateContactSteps.userOpensSalesforceLoginPage(CreateContactSteps.java:22)
at ✽.User opens salesforce login page(file:///C:/Users/DELL/IdeaProjects/2021mt93106_Bits_Project/src/test/resources/features/userCreateContact.feature:6)
]]>
    </failure>
  </testcase> <!-- runScenario -->
</testsuite> <!-- Surefire test -->
