<?xml version="1.0" encoding="UTF-8"?>
<testng-results ignored="0" total="4" passed="4" failed="0" skipped="0">
  <reporter-output>
  </reporter-output>
  <suite started-at="2023-03-19T11:40:59 IST" name="Surefire suite" finished-at="2023-03-19T11:42:21 IST" duration-ms="82107">
    <groups>
      <group name="cucumber">
        <method signature="AbstractTestNGCucumberTests.runScenario(io.cucumber.testng.PickleWrapper,io.cucumber.testng.FeatureWrapper)[pri:0, instance:runners.TestRunner@15761df8]" name="runScenario" class="io.cucumber.testng.AbstractTestNGCucumberTests"/>
      </group> <!-- cucumber -->
    </groups>
    <test started-at="2023-03-19T11:40:59 IST" name="Surefire test" finished-at="2023-03-19T11:42:21 IST" duration-ms="82107">
      <class name="runners.TestRunner">
        <test-method is-config="true" signature="setUpClass()[pri:0, instance:runners.TestRunner@15761df8]" started-at="2023-03-19T11:40:59 IST" name="setUpClass" finished-at="2023-03-19T11:41:00 IST" duration-ms="1105" status="PASS">
          <reporter-output>
          </reporter-output>
        </test-method> <!-- setUpClass -->
        <test-method signature="runScenario(io.cucumber.testng.PickleWrapper,io.cucumber.testng.FeatureWrapper)[pri:0, instance:runners.TestRunner@15761df8]" started-at="2023-03-19T11:41:00 IST" name="runScenario" description="Runs Cucumber Scenarios" data-provider="scenarios" finished-at="2023-03-19T11:42:16 IST" duration-ms="76619" status="PASS">
          <params>
            <param index="0">
              <value>
                <![CDATA["User Login with valid user details and creates account"]]>
              </value>
            </param>
            <param index="1">
              <value>
                <![CDATA["Optional[User Creates Account in Salesforce Application]"]]>
              </value>
            </param>
          </params>
          <reporter-output>
          </reporter-output>
        </test-method> <!-- runScenario -->
        <test-method signature="runScenario(io.cucumber.testng.PickleWrapper,io.cucumber.testng.FeatureWrapper)[pri:0, instance:runners.TestRunner@15761df8]" started-at="2023-03-19T11:41:00 IST" name="runScenario" description="Runs Cucumber Scenarios" data-provider="scenarios" finished-at="2023-03-19T11:42:16 IST" duration-ms="76303" status="PASS">
          <params>
            <param index="0">
              <value>
                <![CDATA["User Login with valid user details and creates contact"]]>
              </value>
            </param>
            <param index="1">
              <value>
                <![CDATA["Optional[User Creates Contact in Salesforce Application]"]]>
              </value>
            </param>
          </params>
          <reporter-output>
          </reporter-output>
        </test-method> <!-- runScenario -->
        <test-method signature="runScenario(io.cucumber.testng.PickleWrapper,io.cucumber.testng.FeatureWrapper)[pri:0, instance:runners.TestRunner@15761df8]" started-at="2023-03-19T11:41:00 IST" name="runScenario" description="Runs Cucumber Scenarios" data-provider="scenarios" finished-at="2023-03-19T11:42:16 IST" duration-ms="76560" status="PASS">
          <params>
            <param index="0">
              <value>
                <![CDATA["User Login with valid user details and creates account"]]>
              </value>
            </param>
            <param index="1">
              <value>
                <![CDATA["Optional[User Creates Account in Salesforce Application]"]]>
              </value>
            </param>
          </params>
          <reporter-output>
          </reporter-output>
        </test-method> <!-- runScenario -->
        <test-method signature="runScenario(io.cucumber.testng.PickleWrapper,io.cucumber.testng.FeatureWrapper)[pri:0, instance:runners.TestRunner@15761df8]" started-at="2023-03-19T11:41:00 IST" name="runScenario" description="Runs Cucumber Scenarios" data-provider="scenarios" finished-at="2023-03-19T11:42:15 IST" duration-ms="75393" status="PASS">
          <params>
            <param index="0">
              <value>
                <![CDATA["User Login with valid user details and cancel contact"]]>
              </value>
            </param>
            <param index="1">
              <value>
                <![CDATA["Optional[User Creates Contact in Salesforce Application]"]]>
              </value>
            </param>
          </params>
          <reporter-output>
          </reporter-output>
        </test-method> <!-- runScenario -->
        <test-method is-config="true" signature="tearDownClass()[pri:0, instance:runners.TestRunner@15761df8]" started-at="2023-03-19T11:42:16 IST" name="tearDownClass" finished-at="2023-03-19T11:42:21 IST" duration-ms="4285" status="PASS">
          <reporter-output>
          </reporter-output>
        </test-method> <!-- tearDownClass -->
      </class> <!-- runners.TestRunner -->
    </test> <!-- Surefire test -->
  </suite> <!-- Surefire suite -->
</testng-results>
