<?xml version="1.0" encoding="UTF-8"?>
<testsuite xmlns:xsi="http://www.w3.org/2001/XMLSchema-instance" xsi:noNamespaceSchemaLocation="https://maven.apache.org/surefire/maven-surefire-plugin/xsd/surefire-test-report-3.0.xsd" version="3.0" name="runners.TestRunner" time="21.237" tests="1" errors="0" skipped="0" failures="1">
  <properties>
[...]
</properties>
  <testcase name="runScenario[&quot;User Login with valid user details and creates contact&quot;, &quot;Optional[User Creates Contact in Salesforce Application]&quot;](1)" classname="runners.TestRunner" time="14.923">
    <failure message="Cannot invoke &quot;org.openqa.selenium.WebDriver.get(String)&quot; because &quot;this.driver&quot; is null" type="java.lang.NullPointerException"><![CDATA[java.lang.NullPointerException: Cannot invoke "org.openqa.selenium.WebDriver.get(String)" because "this.driver" is null
]]></failure>
    <system-out><![CDATA[
@CreateContact
Scenario: User Login with valid user details and creates contact &amp#27;[90m# src/test/resources/features/userCreateContact.feature:5&amp#27;[0m
  &amp#27;[31mGiven &amp#27;[0m&amp#27;[31mUser opens salesforce login page&amp#27;[0m                         &amp#27;[90m# stepDefinitions.CreateContactSteps.userOpensSalesforceLoginPage()&amp#27;[0m
      &amp#27;[31mjava.lang.NullPointerException: Cannot invoke "org.openqa.selenium.WebDriver.get(String)" because "this.driver" is null
	at pages.SalesforceLoginPage.loginToApplication(SalesforceLoginPage.java:33)
	at stepDefinitions.CreateContactSteps.userOpensSalesforceLoginPage(CreateContactSteps.java:22)
	at âœ½.User opens salesforce login page(file:///C:/Users/DELL/IdeaProjects/2021mt93106_Bits_Project/src/test/resources/features/userCreateContact.feature:6)
&amp#27;[0m
  &amp#27;[36mWhen &amp#27;[0m&amp#27;[36mUser login with valid username and password&amp#27;[0m               &amp#27;[90m# stepDefinitions.CreateContactSteps.userLoginWithValidEmailAndPassword()&amp#27;[0m
  &amp#27;[36mThen &amp#27;[0m&amp#27;[36mUser is successfully logged in&amp#27;[0m                            &amp#27;[90m# stepDefinitions.CreateContactSteps.userIsSuccessfullyLoggedIn()&amp#27;[0m
  &amp#27;[36mWhen &amp#27;[0m&amp#27;[36mUser navigates to home page&amp#27;[0m                               &amp#27;[90m# stepDefinitions.CreateContactSteps.userNavigatesToHomePage()&amp#27;[0m
  &amp#27;[36mWhen &amp#27;[0m&amp#27;[36mUser clicks on Contact tab&amp#27;[0m                                &amp#27;[90m# stepDefinitions.CreateContactSteps.userClicksOnContactTab()&amp#27;[0m
  &amp#27;[36mWhen &amp#27;[0m&amp#27;[36mUser selects New&amp#27;[0m                                          &amp#27;[90m# stepDefinitions.CreateContactSteps.userSelectsNew()&amp#27;[0m
  &amp#27;[36mAnd &amp#27;[0m&amp#27;[36mclicks on Save&amp#27;[0m                                             &amp#27;[90m# stepDefinitions.CreateContactSteps.clicksOnSave()&amp#27;[0m
  &amp#27;[36mThen &amp#27;[0m&amp#27;[36mNew Contact is created successfully&amp#27;[0m                       &amp#27;[90m# stepDefinitions.CreateContactSteps.newContactIsCreatedSuccessfully()&amp#27;[0m

    Embedding User_Login_with_valid_user_details_and_creates_contact [image/png 26291 bytes]

]]></system-out>
    <system-err><![CDATA[SLF4J: Failed to load class "org.slf4j.impl.StaticLoggerBinder".
SLF4J: Defaulting to no-operation (NOP) logger implementation
SLF4J: See http://www.slf4j.org/codes.html#StaticLoggerBinder for further details.
Starting ChromeDriver 111.0.5563.64 (c710e93d5b63b7095afe8c2c17df34408078439d-refs/branch-heads/5563@{#995}) on port 27807
Only local connections are allowed.
Please see https://chromedriver.chromium.org/security-considerations for suggestions on keeping ChromeDriver safe.
ChromeDriver was started successfully.
Mar 16, 2023 8:10:28 PM org.openqa.selenium.remote.ProtocolHandshake createSession
INFO: Detected dialect: W3C
]]></system-err>
  </testcase>
</testsuite>