<?xml version="1.0" encoding="UTF-8"?>
<testng-results ignored="0" total="1" passed="0" failed="1" skipped="0">
  <reporter-output>
  </reporter-output>
  <suite started-at="2023-03-16T20:10:18 IST" name="Surefire suite" finished-at="2023-03-16T20:10:38 IST" duration-ms="20220">
    <groups>
      <group name="cucumber">
        <method signature="AbstractTestNGCucumberTests.runScenario(io.cucumber.testng.PickleWrapper,io.cucumber.testng.FeatureWrapper)[pri:0, instance:runners.TestRunner@15761df8]" name="runScenario" class="io.cucumber.testng.AbstractTestNGCucumberTests"/>
      </group> <!-- cucumber -->
    </groups>
    <test started-at="2023-03-16T20:10:18 IST" name="Surefire test" finished-at="2023-03-16T20:10:38 IST" duration-ms="20220">
      <class name="runners.TestRunner">
        <test-method is-config="true" signature="setUpClass()[pri:0, instance:runners.TestRunner@15761df8]" started-at="2023-03-16T20:10:18 IST" name="setUpClass" finished-at="2023-03-16T20:10:19 IST" duration-ms="953" status="PASS">
          <reporter-output>
          </reporter-output>
        </test-method> <!-- setUpClass -->
        <test-method signature="runScenario(io.cucumber.testng.PickleWrapper,io.cucumber.testng.FeatureWrapper)[pri:0, instance:runners.TestRunner@15761df8]" started-at="2023-03-16T20:10:19 IST" name="runScenario" description="Runs Cucumber Scenarios" data-provider="scenarios" finished-at="2023-03-16T20:10:33 IST" duration-ms="14463" status="FAIL">
          <params>
            <param index="0">
              <value>
                <![CDATA["User Login with valid user details and creates contact"]]>
              </value>
            </param>
            <param index="1">
              <value>
                <![CDATA["Optional[User Creates Contact in Salesforce Application]"]]>
              </value>
            </param>
          </params>
          <exception class="java.lang.NullPointerException">
            <message>
              <![CDATA[Cannot invoke "org.openqa.selenium.WebDriver.get(String)" because "this.driver" is null]]>
            </message>
            <full-stacktrace>
              <![CDATA[java.lang.NullPointerException: Cannot invoke "org.openqa.selenium.WebDriver.get(String)" because "this.driver" is null
at pages.SalesforceLoginPage.loginToApplication(SalesforceLoginPage.java:33)
at stepDefinitions.CreateContactSteps.userOpensSalesforceLoginPage(CreateContactSteps.java:22)
at ✽.User opens salesforce login page(file:///C:/Users/DELL/IdeaProjects/2021mt93106_Bits_Project/src/test/resources/features/userCreateContact.feature:6)
]]>
            </full-stacktrace>
          </exception> <!-- java.lang.NullPointerException -->
          <reporter-output>
          </reporter-output>
        </test-method> <!-- runScenario -->
        <test-method is-config="true" signature="tearDownClass()[pri:0, instance:runners.TestRunner@15761df8]" started-at="2023-03-16T20:10:33 IST" name="tearDownClass" finished-at="2023-03-16T20:10:38 IST" duration-ms="4696" status="PASS">
          <reporter-output>
          </reporter-output>
        </test-method> <!-- tearDownClass -->
      </class> <!-- runners.TestRunner -->
    </test> <!-- Surefire test -->
  </suite> <!-- Surefire suite -->
</testng-results>
