<?xml version="1.0" encoding="UTF-8"?>
<testsuite xmlns:xsi="http://www.w3.org/2001/XMLSchema-instance" xsi:noNamespaceSchemaLocation="https://maven.apache.org/surefire/maven-surefire-plugin/xsd/surefire-test-report-3.0.xsd" version="3.0" name="runners.TestRunner" time="83.208" tests="4" errors="0" skipped="0" failures="0">
  <properties>
[...]
</properties>
  <testcase name="runScenario[&quot;User Login with valid user details and cancel contact&quot;, &quot;Optional[User Creates Contact in Salesforce Application]&quot;](1)" classname="runners.TestRunner" time="75.748">
    <system-out><![CDATA[
@AllTests @CancelContact
Scenario: User Login with valid user details and cancel contact          &amp#27;[90m# src/test/resources/features/CreateContact.feature:19&amp#27;[0m

@AllTests @CreateContact
Scenario Outline: User Login with valid user details and creates contact &amp#27;[90m# src/test/resources/features/CreateContact.feature:16&amp#27;[0m

@AllTests @CreateAccount
Scenario Outline: User Login with valid user details and creates account &amp#27;[90m# src/test/resources/features/CreateAccount.feature:16&amp#27;[0m

@AllTests @CancelAccount
Scenario: User Login with valid user details and creates account         &amp#27;[90m# src/test/resources/features/CreateAccount.feature:19&amp#27;[0m
  &amp#27;[32mGiven &amp#27;[0m&amp#27;[32mUser opens salesforce login page and login with valid credential&amp#27;[0m &amp#27;[90m# stepDefinitions.CreateContactSteps.userOpensSalesforceLoginPage()&amp#27;[0m
  &amp#27;[32mGiven &amp#27;[0m&amp#27;[32mUser opens salesforce login page and login with valid credential&amp#27;[0m &amp#27;[90m# stepDefinitions.CreateContactSteps.userOpensSalesforceLoginPage()&amp#27;[0m
  &amp#27;[32mGiven &amp#27;[0m&amp#27;[32mUser opens salesforce login page and login with valid credential&amp#27;[0m &amp#27;[90m# stepDefinitions.CreateContactSteps.userOpensSalesforceLoginPage()&amp#27;[0m
Dialog box found, closing this dialog box
Dialog box found, closing this dialog box
Dialog box found, closing this dialog box
  &amp#27;[32mGiven &amp#27;[0m&amp#27;[32mUser opens salesforce login page and login with valid credential&amp#27;[0m &amp#27;[90m# stepDefinitions.CreateContactSteps.userOpensSalesforceLoginPage()&amp#27;[0m
Dialog box found, closing this dialog box
User is successfully logged in...
  &amp#27;[32mThen &amp#27;[0m&amp#27;[32mUser is successfully logged in&amp#27;[0m                                    &amp#27;[90m# stepDefinitions.CreateContactSteps.userIsSuccessfullyLoggedIn()&amp#27;[0m
User is successfully logged in...
  &amp#27;[32mThen &amp#27;[0m&amp#27;[32mUser is successfully logged in&amp#27;[0m                                    &amp#27;[90m# stepDefinitions.CreateContactSteps.userIsSuccessfullyLoggedIn()&amp#27;[0m
User is successfully logged in...
  &amp#27;[32mThen &amp#27;[0m&amp#27;[32mUser is successfully logged in&amp#27;[0m                                    &amp#27;[90m# stepDefinitions.CreateContactSteps.userIsSuccessfullyLoggedIn()&amp#27;[0m
User is successfully logged in...
  &amp#27;[32mThen &amp#27;[0m&amp#27;[32mUser is successfully logged in&amp#27;[0m                                    &amp#27;[90m# stepDefinitions.CreateContactSteps.userIsSuccessfullyLoggedIn()&amp#27;[0m
  &amp#27;[32mWhen &amp#27;[0m&amp#27;[32mUser clicks on Contact tab&amp#27;[0m                                        &amp#27;[90m# stepDefinitions.CreateContactSteps.userClicksOnContactTab()&amp#27;[0m
  &amp#27;[32mWhen &amp#27;[0m&amp#27;[32mUser clicks on Account tab&amp#27;[0m                                        &amp#27;[90m# stepDefinitions.CreateAccountSteps.userClicksOnAccountTab()&amp#27;[0m
  &amp#27;[32mWhen &amp#27;[0m&amp#27;[32mUser clicks on Account tab&amp#27;[0m                                        &amp#27;[90m# stepDefinitions.CreateAccountSteps.userClicksOnAccountTab()&amp#27;[0m
  &amp#27;[32mWhen &amp#27;[0m&amp#27;[32mUser clicks on Contact tab&amp#27;[0m                                        &amp#27;[90m# stepDefinitions.CreateContactSteps.userClicksOnContactTab()&amp#27;[0m
  &amp#27;[32mWhen &amp#27;[0m&amp#27;[32mUser selects New&amp#27;[0m                                                  &amp#27;[90m# stepDefinitions.CreateContactSteps.userSelectsNew()&amp#27;[0m
  &amp#27;[32mWhen &amp#27;[0m&amp#27;[32mUser selects New&amp#27;[0m                                                  &amp#27;[90m# stepDefinitions.CreateContactSteps.userSelectsNew()&amp#27;[0m
  &amp#27;[32mWhen &amp#27;[0m&amp#27;[32mUser selects New&amp#27;[0m                                                  &amp#27;[90m# stepDefinitions.CreateContactSteps.userSelectsNew()&amp#27;[0m
  &amp#27;[32mWhen &amp#27;[0m&amp#27;[32mUser selects New&amp#27;[0m                                                  &amp#27;[90m# stepDefinitions.CreateContactSteps.userSelectsNew()&amp#27;[0m
  &amp#27;[32mAnd &amp#27;[0m&amp#27;[32menters &amp#27;[0m&amp#27;[32m&amp#27;[1m"AccountName"&amp#27;[0m                                               &amp#27;[90m# stepDefinitions.CreateAccountSteps.enters(java.lang.String)&amp#27;[0m
  &amp#27;[32mAnd &amp#27;[0m&amp#27;[32mclicks on Cancel&amp#27;[0m                                                   &amp#27;[90m# stepDefinitions.CreateContactSteps.clicksOnCancel()&amp#27;[0m
Contact is cancelled successfully
  &amp#27;[32mThen &amp#27;[0m&amp#27;[32mNew Contact is cancelled successfully&amp#27;[0m                             &amp#27;[90m# stepDefinitions.CreateContactSteps.newContactIsCancelledSuccessfully()&amp#27;[0m
  &amp#27;[32mAnd &amp#27;[0m&amp#27;[32menters &amp#27;[0m&amp#27;[32m&amp#27;[1m"Fname"&amp#27;[0m&amp#27;[32m and &amp#27;[0m&amp#27;[32m&amp#27;[1m"LName"&amp#27;[0m                                         &amp#27;[90m# stepDefinitions.CreateContactSteps.entersAnd(java.lang.String,java.lang.String)&amp#27;[0m
  &amp#27;[32mAnd &amp#27;[0m&amp#27;[32mclicks on Cancel&amp#27;[0m                                                   &amp#27;[90m# stepDefinitions.CreateContactSteps.clicksOnCancel()&amp#27;[0m
Account Cancelled Successfully
  &amp#27;[32mThen &amp#27;[0m&amp#27;[32mNew Account is cancelled successfully&amp#27;[0m                             &amp#27;[90m# stepDefinitions.CreateAccountSteps.newAccountIsCancelledSuccessfully()&amp#27;[0m
  &amp#27;[32mAnd &amp#27;[0m&amp#27;[32mclicks on Save&amp#27;[0m                                                     &amp#27;[90m# stepDefinitions.CreateContactSteps.clicksOnSave()&amp#27;[0m
Account Created Successfully
  &amp#27;[32mThen &amp#27;[0m&amp#27;[32mNew Account is created successfully&amp#27;[0m                               &amp#27;[90m# stepDefinitions.CreateAccountSteps.newAccountIsCreatedSuccessfully()&amp#27;[0m
  &amp#27;[32mAnd &amp#27;[0m&amp#27;[32mclicks on Save&amp#27;[0m                                                     &amp#27;[90m# stepDefinitions.CreateContactSteps.clicksOnSave()&amp#27;[0m
Contact is created successfully
  &amp#27;[32mThen &amp#27;[0m&amp#27;[32mNew Contact is created successfully&amp#27;[0m                               &amp#27;[90m# stepDefinitions.CreateContactSteps.newContactIsCreatedSuccessfully()&amp#27;[0m
]]></system-out>
    <system-err><![CDATA[SLF4J: Failed to load class "org.slf4j.impl.StaticLoggerBinder".
SLF4J: Defaulting to no-operation (NOP) logger implementation
SLF4J: See http://www.slf4j.org/codes.html#StaticLoggerBinder for further details.
Starting ChromeDriver 111.0.5563.64 (c710e93d5b63b7095afe8c2c17df34408078439d-refs/branch-heads/5563@{#995}) on port 35432
Only local connections are allowed.
Please see https://chromedriver.chroSmtiaurmt.ionrgg /sChercuomreiDtry-icovnesri d11e1r.at0i.o55n6s3 f.or6 4s u(gcg7e1s0tei9o3nds5 bo6n 3kbe7e0p9i5nagf eCh8rco2mce1D7rdfiv3e4r4 0s8a0f7e8.439
d-refs/branch-heads/5563@{#995}) on port 6106
Only local connections are allowed.
Please see https://chromedriver.chromium.org/security-considerations for suggestions on keeping ChromeDriver safe.
Starting ChromeDriver 111.0.5563.64 (c710e93d5b63b7095afe8c2c17df34408078439d-refs/branch-heads/5563@{#995}) on port 2474
Only local connections are allowed.
Please see https://chromedriver.chromium.org/security-considerations for suggestions on keeping ChromeDriver safe.
ChromeDriver was started successfully.
ChromeDriver was started successfully.
Starting ChromeDriver 111.0.5563.64 (c710e93d5b63b7095afe8c2c17df34408078C4h3r9odm-eDrreivfer wsa/sbr asntcahrted s-uhecacdes/s5s5f6ul3l@y.{
#995}) on port 41734
Only local connections are allowed.
Please see https://chromedriver.chromium.org/security-considerations for suggestions on keeping ChromeDriver safe.
ChromeDriver was started successfully.
Mar 19, 2023 11:41:15 AM org.openqa.selenium.remote.ProtocolHandshake createSession
INFO: Detected dialect: W3C
Mar 19, 2023 11:41:15 AM org.openqa.selenium.remote.ProtocolHandshake createSession
INFO: Detected dialect: W3C
Mar 19, 2023 11:41:15 AM org.openqa.selenium.remote.ProtocolHandshake createSession
INFO: Detected dialect: W3C
Mar 19, 2023 11:41:15 AM org.openqa.selenium.remote.ProtocolHandshake createSession
INFO: Detected dialect: W3C
]]></system-err>
  </testcase>
  <testcase name="runScenario[&quot;User Login with valid user details and creates contact&quot;, &quot;Optional[User Creates Contact in Salesforce Application]&quot;](2)" classname="runners.TestRunner" time="76.298"/>
  <testcase name="runScenario[&quot;User Login with valid user details and creates account&quot;, &quot;Optional[User Creates Account in Salesforce Application]&quot;](3)" classname="runners.TestRunner" time="76.553"/>
  <testcase name="runScenario[&quot;User Login with valid user details and creates account&quot;, &quot;Optional[User Creates Account in Salesforce Application]&quot;](4)" classname="runners.TestRunner" time="76.612"/>
</testsuite>