<?xml version="1.0" encoding="UTF-8"?>
<!-- Generated by org.testng.reporters.JUnitReportReporter -->
<testsuite hostname="DESKTOP-5JS9BGE" failures="0" tests="1" name="runners.TestRunner" time="14.463" errors="1" timestamp="2023-03-16T20:10:38 IST" skipped="0">
  <testcase classname="runners.TestRunner" name="runScenario" time="14.463">
    <error message="Cannot invoke &quot;org.openqa.selenium.WebDriver.get(String)&quot; because &quot;this.driver&quot; is null" type="java.lang.NullPointerException">
      <![CDATA[java.lang.NullPointerException: Cannot invoke "org.openqa.selenium.WebDriver.get(String)" because "this.driver" is null
at pages.SalesforceLoginPage.loginToApplication(SalesforceLoginPage.java:33)
at stepDefinitions.CreateContactSteps.userOpensSalesforceLoginPage(CreateContactSteps.java:22)
at ✽.User opens salesforce login page(file:///C:/Users/DELL/IdeaProjects/2021mt93106_Bits_Project/src/test/resources/features/userCreateContact.feature:6)
]]>
    </error>
  </testcase> <!-- runScenario -->
  <system-out/>
</testsuite> <!-- runners.TestRunner -->
